ESP-ROM:esp32s3-20210327
Build:Mar 27 2021
[2025-08-31 21:10:30.076] rst:0x1 (POWERON),boot:0x8 (SPI_FAST_FLASH_BOOT)
[2025-08-31 21:10:30.078] SPIWP:0xee
[2025-08-31 21:10:30.079] mode:DIO, clock div:1
[2025-08-31 21:10:30.080] load:0x3fce2820,len:0x1180
[2025-08-31 21:10:30.085] load:0x403c8700,len:0xc2c
[2025-08-31 21:10:30.086] load:0x403cb700,len:0x311c
[2025-08-31 21:10:30.087] entry 0x403c88b8
[2025-08-31 21:10:31.090] Loaded image chunk 0 with 2000 samples
[2025-08-31 21:10:31.099] Loaded label chunk 0 with 2000 labels
[2025-08-31 21:10:31.875] Loaded image chunk 0 with 2000 samples
[2025-08-31 21:10:31.886] Loaded label chunk 0 with 2000 labels
[2025-08-31 21:10:31.888] Dataset initialized
[2025-08-31 21:10:31.889] Initializing MNISTModel...
[2025-08-31 21:10:31.890] Parameter memory allocated: 52968 bytes, Free PSRAM: 5151252 bytes
[2025-08-31 21:10:31.895] Loading model parameters.......
[2025-08-31 21:10:32.004] Warning: file size mismatch! expected=52968, actual=0
[2025-08-31 21:10:32.011] Continuing with current parameters
[2025-08-31 21:10:32.015] Inference memory allocated: 25088 bytes, Free PSRAM: 5125604 bytes
[2025-08-31 21:10:32.022] Type 't' to train and test the model
[2025-08-31 21:10:45.930] Loaded image chunk 0 with 2000 samples
[2025-08-31 21:10:45.944] Loaded label chunk 0 with 2000 labels
[2025-08-31 21:10:45.945] Training on 10000 images...
[2025-08-31 21:10:45.947] Retraining the model: assiging random initial values to params
[2025-08-31 21:10:45.953] Training memory allocated: 153816 bytes, Free PSRAM: 4969952 bytes
[2025-08-31 21:10:58.104] Progress: [>                                                 ] 1% 1/100 Steps (1/5 epoch)...
[2025-08-31 21:11:10.254] Progress: [=>                                                ] 2% 2/100 Steps (1/5 epoch)...
[2025-08-31 21:11:22.403] Progress: [=>                                                ] 3% 3/100 Steps (1/5 epoch)...
[2025-08-31 21:11:34.550] Progress: [==>                                               ] 4% 4/100 Steps (1/5 epoch)...
[2025-08-31 21:11:46.699] Progress: [==>                                               ] 5% 5/100 Steps (1/5 epoch)...
[2025-08-31 21:11:58.849] Progress: [===>                                              ] 6% 6/100 Steps (1/5 epoch)...
[2025-08-31 21:12:11.001] Progress: [===>                                              ] 7% 7/100 Steps (1/5 epoch)...
[2025-08-31 21:12:23.148] Progress: [====>                                             ] 8% 8/100 Steps (1/5 epoch)...
[2025-08-31 21:12:35.300] Progress: [====>                                             ] 9% 9/100 Steps (1/5 epoch)...
[2025-08-31 21:12:47.450] Progress: [=====>                                            ] 10% 10/100 Steps (1/5 epoch)...
[2025-08-31 21:12:59.600] Progress: [=====>                                            ] 11% 11/100 Steps (1/5 epoch)...
[2025-08-31 21:13:11.749] Progress: [======>                                           ] 12% 12/100 Steps (1/5 epoch)...
[2025-08-31 21:13:23.900] Progress: [======>                                           ] 13% 13/100 Steps (1/5 epoch)...
[2025-08-31 21:13:36.050] Progress: [=======>                                          ] 14% 14/100 Steps (1/5 epoch)...
[2025-08-31 21:13:48.200] Progress: [=======>                                          ] 15% 15/100 Steps (1/5 epoch)...
[2025-08-31 21:14:00.347] Progress: [========>                                         ] 16% 16/100 Steps (1/5 epoch)...
[2025-08-31 21:14:12.500] Progress: [========>                                         ] 17% 17/100 Steps (1/5 epoch)...
[2025-08-31 21:14:24.650] Progress: [=========>                                        ] 18% 18/100 Steps (1/5 epoch)...
[2025-08-31 21:14:36.800] Progress: [=========>                                        ] 19% 19/100 Steps (1/5 epoch)...
[2025-08-31 21:14:48.947] Progress: [==========>                                       ] 20% 20/100 Steps (1/5 epoch)...
[2025-08-31 21:14:49.716] Loaded image chunk 1 with 2000 samples
[2025-08-31 21:14:49.724] Loaded label chunk 1 with 2000 labels
[2025-08-31 21:15:01.880] Progress: [==========>                                       ] 21% 21/100 Steps (1/5 epoch)...
[2025-08-31 21:15:14.030] Progress: [===========>                                      ] 22% 22/100 Steps (1/5 epoch)...
[2025-08-31 21:15:26.177] Progress: [===========>                                      ] 23% 23/100 Steps (1/5 epoch)...
[2025-08-31 21:15:38.326] Progress: [============>                                     ] 24% 24/100 Steps (1/5 epoch)...
[2025-08-31 21:15:50.479] Progress: [============>                                     ] 25% 25/100 Steps (1/5 epoch)...
[2025-08-31 21:16:02.626] Progress: [=============>                                    ] 26% 26/100 Steps (1/5 epoch)...
[2025-08-31 21:16:14.779] Progress: [=============>                                    ] 27% 27/100 Steps (1/5 epoch)...
[2025-08-31 21:16:26.928] Progress: [==============>                                   ] 28% 28/100 Steps (1/5 epoch)...
[2025-08-31 21:16:39.079] Progress: [==============>                                   ] 29% 29/100 Steps (1/5 epoch)...
[2025-08-31 21:16:51.229] Progress: [===============>                                  ] 30% 30/100 Steps (1/5 epoch)...
[2025-08-31 21:17:03.376] Progress: [===============>                                  ] 31% 31/100 Steps (1/5 epoch)...
[2025-08-31 21:17:15.526] Progress: [================>                                 ] 32% 32/100 Steps (1/5 epoch)...
[2025-08-31 21:17:27.678] Progress: [================>                                 ] 33% 33/100 Steps (1/5 epoch)...
[2025-08-31 21:17:39.828] Progress: [=================>                                ] 34% 34/100 Steps (1/5 epoch)...
[2025-08-31 21:17:51.978] Progress: [=================>                                ] 35% 35/100 Steps (1/5 epoch)...
[2025-08-31 21:18:04.126] Progress: [==================>                               ] 36% 36/100 Steps (1/5 epoch)...
[2025-08-31 21:18:16.279] Progress: [==================>                               ] 37% 37/100 Steps (1/5 epoch)...
[2025-08-31 21:18:28.428] Progress: [===================>                              ] 38% 38/100 Steps (1/5 epoch)...
[2025-08-31 21:18:40.578] Progress: [===================>                              ] 39% 39/100 Steps (1/5 epoch)...
[2025-08-31 21:18:52.728] Progress: [====================>                             ] 40% 40/100 Steps (1/5 epoch)...
[2025-08-31 21:18:53.494] Loaded image chunk 2 with 2000 samples
[2025-08-31 21:18:53.502] Loaded label chunk 2 with 2000 labels
[2025-08-31 21:19:05.657] Progress: [====================>                             ] 41% 41/100 Steps (1/5 epoch)...
[2025-08-31 21:19:17.807] Progress: [=====================>                            ] 42% 42/100 Steps (1/5 epoch)...
[2025-08-31 21:19:29.954] Progress: [=====================>                            ] 43% 43/100 Steps (1/5 epoch)...
[2025-08-31 21:19:42.106] Progress: [======================>                           ] 44% 44/100 Steps (1/5 epoch)...
[2025-08-31 21:19:54.256] Progress: [======================>                           ] 45% 45/100 Steps (1/5 epoch)...
[2025-08-31 21:20:06.405] Progress: [=======================>                          ] 46% 46/100 Steps (1/5 epoch)...
[2025-08-31 21:20:18.555] Progress: [=======================>                          ] 47% 47/100 Steps (1/5 epoch)...
[2025-08-31 21:20:30.705] Progress: [========================>                         ] 48% 48/100 Steps (1/5 epoch)...
[2025-08-31 21:20:42.856] Progress: [========================>                         ] 49% 49/100 Steps (1/5 epoch)...
[2025-08-31 21:20:55.006] Progress: [=========================>                        ] 50% 50/100 Steps (1/5 epoch)...
[2025-08-31 21:21:07.153] Progress: [=========================>                        ] 51% 51/100 Steps (1/5 epoch)...
[2025-08-31 21:21:19.306] Progress: [==========================>                       ] 52% 52/100 Steps (1/5 epoch)...
[2025-08-31 21:21:31.456] Progress: [==========================>                       ] 53% 53/100 Steps (1/5 epoch)...
[2025-08-31 21:21:43.606] Progress: [===========================>                      ] 54% 54/100 Steps (1/5 epoch)...
[2025-08-31 21:21:55.756] Progress: [===========================>                      ] 55% 55/100 Steps (1/5 epoch)...
[2025-08-31 21:22:07.903] Progress: [============================>                     ] 56% 56/100 Steps (1/5 epoch)...
[2025-08-31 21:22:20.056] Progress: [============================>                     ] 57% 57/100 Steps (1/5 epoch)...
[2025-08-31 21:22:32.204] Progress: [=============================>                    ] 58% 58/100 Steps (1/5 epoch)...
[2025-08-31 21:22:44.357] Progress: [=============================>                    ] 59% 59/100 Steps (1/5 epoch)...
[2025-08-31 21:22:56.506] Progress: [==============================>                   ] 60% 60/100 Steps (1/5 epoch)...
[2025-08-31 21:22:57.272] Loaded image chunk 3 with 2000 samples
[2025-08-31 21:22:57.281] Loaded label chunk 3 with 2000 labels
[2025-08-31 21:23:09.436] Progress: [==============================>                   ] 61% 61/100 Steps (1/5 epoch)...
[2025-08-31 21:23:21.585] Progress: [===============================>                  ] 62% 62/100 Steps (1/5 epoch)...
[2025-08-31 21:23:33.732] Progress: [===============================>                  ] 63% 63/100 Steps (1/5 epoch)...
[2025-08-31 21:23:45.882] Progress: [================================>                 ] 64% 64/100 Steps (1/5 epoch)...
[2025-08-31 21:23:58.034] Progress: [================================>                 ] 65% 65/100 Steps (1/5 epoch)...
[2025-08-31 21:24:10.184] Progress: [=================================>                ] 66% 66/100 Steps (1/5 epoch)...
[2025-08-31 21:24:22.334] Progress: [=================================>                ] 67% 67/100 Steps (1/5 epoch)...
[2025-08-31 21:24:34.484] Progress: [==================================>               ] 68% 68/100 Steps (1/5 epoch)...
[2025-08-31 21:24:46.633] Progress: [==================================>               ] 69% 69/100 Steps (1/5 epoch)...
[2025-08-31 21:24:58.783] Progress: [===================================>              ] 70% 70/100 Steps (1/5 epoch)...
[2025-08-31 21:25:10.933] Progress: [===================================>              ] 71% 71/100 Steps (1/5 epoch)...
[2025-08-31 21:25:23.080] Progress: [====================================>             ] 72% 72/100 Steps (1/5 epoch)...
[2025-08-31 21:25:35.232] Progress: [====================================>             ] 73% 73/100 Steps (1/5 epoch)...
[2025-08-31 21:25:47.382] Progress: [=====================================>            ] 74% 74/100 Steps (1/5 epoch)...
[2025-08-31 21:25:59.529] Progress: [=====================================>            ] 75% 75/100 Steps (1/5 epoch)...
[2025-08-31 21:26:11.681] Progress: [======================================>           ] 76% 76/100 Steps (1/5 epoch)...
[2025-08-31 21:26:23.831] Progress: [======================================>           ] 77% 77/100 Steps (1/5 epoch)...
[2025-08-31 21:26:35.981] Progress: [=======================================>          ] 78% 78/100 Steps (1/5 epoch)...
[2025-08-31 21:26:48.128] Progress: [=======================================>          ] 79% 79/100 Steps (1/5 epoch)...
[2025-08-31 21:27:00.281] Progress: [========================================>         ] 80% 80/100 Steps (1/5 epoch)...
[2025-08-31 21:27:01.047] Loaded image chunk 4 with 2000 samples
[2025-08-31 21:27:01.056] Loaded label chunk 4 with 2000 labels
[2025-08-31 21:27:13.211] Progress: [========================================>         ] 81% 81/100 Steps (1/5 epoch)...
[2025-08-31 21:27:25.361] Progress: [=========================================>        ] 82% 82/100 Steps (1/5 epoch)...
[2025-08-31 21:27:37.511] Progress: [=========================================>        ] 83% 83/100 Steps (1/5 epoch)...
[2025-08-31 21:27:49.660] Progress: [==========================================>       ] 84% 84/100 Steps (1/5 epoch)...
[2025-08-31 21:28:01.807] Progress: [==========================================>       ] 85% 85/100 Steps (1/5 epoch)...
[2025-08-31 21:28:13.959] Progress: [===========================================>      ] 86% 86/100 Steps (1/5 epoch)...
[2025-08-31 21:28:26.109] Progress: [===========================================>      ] 87% 87/100 Steps (1/5 epoch)...
[2025-08-31 21:28:38.259] Progress: [============================================>     ] 88% 88/100 Steps (1/5 epoch)...
[2025-08-31 21:28:50.408] Progress: [============================================>     ] 89% 89/100 Steps (1/5 epoch)...
[2025-08-31 21:29:02.558] Progress: [=============================================>    ] 90% 90/100 Steps (1/5 epoch)...
[2025-08-31 21:29:14.708] Progress: [=============================================>    ] 91% 91/100 Steps (1/5 epoch)...
[2025-08-31 21:29:26.854] Progress: [==============================================>   ] 92% 92/100 Steps (1/5 epoch)...
[2025-08-31 21:29:39.006] Progress: [==============================================>   ] 93% 93/100 Steps (1/5 epoch)...
[2025-08-31 21:29:51.156] Progress: [===============================================>  ] 94% 94/100 Steps (1/5 epoch)...
[2025-08-31 21:30:03.306] Progress: [===============================================>  ] 95% 95/100 Steps (1/5 epoch)...
[2025-08-31 21:30:15.455] Progress: [================================================> ] 96% 96/100 Steps (1/5 epoch)...
[2025-08-31 21:30:27.605] Progress: [================================================> ] 97% 97/100 Steps (1/5 epoch)...
[2025-08-31 21:30:39.752] Progress: [=================================================>] 98% 98/100 Steps (1/5 epoch)...
[2025-08-31 21:30:51.904] Progress: [=================================================>] 99% 99/100 Steps (1/5 epoch)...
[2025-08-31 21:31:04.054] Progress: [==================================================] 100% 100/100 Steps (1/5 epoch)...
[2025-08-31 21:31:04.072] Epoch 1/5 - Loss: 91.5105
[2025-08-31 21:31:04.077] Storing model parameters.......
[2025-08-31 21:31:05.320] Parameters saved to /params.bin, total bytes written=52968
[2025-08-31 21:31:06.089] Loaded image chunk 0 with 2000 samples
[2025-08-31 21:31:06.097] Loaded label chunk 0 with 2000 labels
[2025-08-31 21:31:18.251] Progress: [>                                                 ] 1% 1/100 Steps (2/5 epoch)...
[2025-08-31 21:31:30.398] Progress: [=>                                                ] 2% 2/100 Steps (2/5 epoch)...
[2025-08-31 21:31:42.551] Progress: [=>                                                ] 3% 3/100 Steps (2/5 epoch)...
[2025-08-31 21:31:54.700] Progress: [==>                                               ] 4% 4/100 Steps (2/5 epoch)...
[2025-08-31 21:32:06.850] Progress: [==>                                               ] 5% 5/100 Steps (2/5 epoch)...
[2025-08-31 21:32:18.999] Progress: [===>                                              ] 6% 6/100 Steps (2/5 epoch)...
[2025-08-31 21:32:31.149] Progress: [===>                                              ] 7% 7/100 Steps (2/5 epoch)...
[2025-08-31 21:32:43.299] Progress: [====>                                             ] 8% 8/100 Steps (2/5 epoch)...
[2025-08-31 21:32:55.448] Progress: [====>                                             ] 9% 9/100 Steps (2/5 epoch)...
[2025-08-31 21:33:07.598] Progress: [=====>                                            ] 10% 10/100 Steps (2/5 epoch)...
[2025-08-31 21:33:19.745] Progress: [=====>                                            ] 11% 11/100 Steps (2/5 epoch)...
[2025-08-31 21:33:31.898] Progress: [======>                                           ] 12% 12/100 Steps (2/5 epoch)...
[2025-08-31 21:33:44.045] Progress: [======>                                           ] 13% 13/100 Steps (2/5 epoch)...
[2025-08-31 21:33:56.197] Progress: [=======>                                          ] 14% 14/100 Steps (2/5 epoch)...
[2025-08-31 21:34:08.344] Progress: [=======>                                          ] 15% 15/100 Steps (2/5 epoch)...
[2025-08-31 21:34:20.497] Progress: [========>                                         ] 16% 16/100 Steps (2/5 epoch)...
[2025-08-31 21:34:32.646] Progress: [========>                                         ] 17% 17/100 Steps (2/5 epoch)...
[2025-08-31 21:34:44.796] Progress: [=========>                                        ] 18% 18/100 Steps (2/5 epoch)...
[2025-08-31 21:34:56.943] Progress: [=========>                                        ] 19% 19/100 Steps (2/5 epoch)...
[2025-08-31 21:35:09.096] Progress: [==========>                                       ] 20% 20/100 Steps (2/5 epoch)...
[2025-08-31 21:35:09.862] Loaded image chunk 1 with 2000 samples
[2025-08-31 21:35:09.870] Loaded label chunk 1 with 2000 labels
[2025-08-31 21:35:22.025] Progress: [==========>                                       ] 21% 21/100 Steps (2/5 epoch)...
[2025-08-31 21:35:34.175] Progress: [===========>                                      ] 22% 22/100 Steps (2/5 epoch)...
[2025-08-31 21:35:46.321] Progress: [===========>                                      ] 23% 23/100 Steps (2/5 epoch)...
[2025-08-31 21:35:58.474] Progress: [============>                                     ] 24% 24/100 Steps (2/5 epoch)...
[2025-08-31 21:36:10.621] Progress: [============>                                     ] 25% 25/100 Steps (2/5 epoch)...
[2025-08-31 21:36:22.771] Progress: [=============>                                    ] 26% 26/100 Steps (2/5 epoch)...
[2025-08-31 21:36:34.923] Progress: [=============>                                    ] 27% 27/100 Steps (2/5 epoch)...
[2025-08-31 21:36:47.073] Progress: [==============>                                   ] 28% 28/100 Steps (2/5 epoch)...
[2025-08-31 21:36:59.222] Progress: [==============>                                   ] 29% 29/100 Steps (2/5 epoch)...
[2025-08-31 21:37:11.371] Progress: [===============>                                  ] 30% 30/100 Steps (2/5 epoch)...
[2025-08-31 21:37:23.521] Progress: [===============>                                  ] 31% 31/100 Steps (2/5 epoch)...
[2025-08-31 21:37:35.671] Progress: [================>                                 ] 32% 32/100 Steps (2/5 epoch)...
[2025-08-31 21:37:47.821] Progress: [================>                                 ] 33% 33/100 Steps (2/5 epoch)...
[2025-08-31 21:37:59.967] Progress: [=================>                                ] 34% 34/100 Steps (2/5 epoch)...
[2025-08-31 21:38:12.120] Progress: [=================>                                ] 35% 35/100 Steps (2/5 epoch)...
[2025-08-31 21:38:24.270] Progress: [==================>                               ] 36% 36/100 Steps (2/5 epoch)...
[2025-08-31 21:38:36.420] Progress: [==================>                               ] 37% 37/100 Steps (2/5 epoch)...
[2025-08-31 21:38:48.570] Progress: [===================>                              ] 38% 38/100 Steps (2/5 epoch)...
[2025-08-31 21:39:00.720] Progress: [===================>                              ] 39% 39/100 Steps (2/5 epoch)...
[2025-08-31 21:39:12.869] Progress: [====================>                             ] 40% 40/100 Steps (2/5 epoch)...
[2025-08-31 21:39:13.636] Loaded image chunk 2 with 2000 samples
[2025-08-31 21:39:13.644] Loaded label chunk 2 with 2000 labels
[2025-08-31 21:39:25.799] Progress: [====================>                             ] 41% 41/100 Steps (2/5 epoch)...
[2025-08-31 21:39:37.948] Progress: [=====================>                            ] 42% 42/100 Steps (2/5 epoch)...
[2025-08-31 21:39:50.098] Progress: [=====================>                            ] 43% 43/100 Steps (2/5 epoch)...
[2025-08-31 21:40:02.249] Progress: [======================>                           ] 44% 44/100 Steps (2/5 epoch)...
[2025-08-31 21:40:14.399] Progress: [======================>                           ] 45% 45/100 Steps (2/5 epoch)...
[2025-08-31 21:40:26.549] Progress: [=======================>                          ] 46% 46/100 Steps (2/5 epoch)...
[2025-08-31 21:40:38.699] Progress: [=======================>                          ] 47% 47/100 Steps (2/5 epoch)...
[2025-08-31 21:40:50.849] Progress: [========================>                         ] 48% 48/100 Steps (2/5 epoch)...
[2025-08-31 21:41:02.997] Progress: [========================>                         ] 49% 49/100 Steps (2/5 epoch)...
[2025-08-31 21:41:15.150] Progress: [=========================>                        ] 50% 50/100 Steps (2/5 epoch)...
[2025-08-31 21:41:27.300] Progress: [=========================>                        ] 51% 51/100 Steps (2/5 epoch)...
[2025-08-31 21:41:39.450] Progress: [==========================>                       ] 52% 52/100 Steps (2/5 epoch)...
[2025-08-31 21:41:51.600] Progress: [==========================>                       ] 53% 53/100 Steps (2/5 epoch)...
[2025-08-31 21:42:03.751] Progress: [===========================>                      ] 54% 54/100 Steps (2/5 epoch)...
[2025-08-31 21:42:15.901] Progress: [===========================>                      ] 55% 55/100 Steps (2/5 epoch)...
[2025-08-31 21:42:28.051] Progress: [============================>                     ] 56% 56/100 Steps (2/5 epoch)...
[2025-08-31 21:42:40.198] Progress: [============================>                     ] 57% 57/100 Steps (2/5 epoch)...
[2025-08-31 21:42:52.349] Progress: [=============================>                    ] 58% 58/100 Steps (2/5 epoch)...
[2025-08-31 21:43:04.502] Progress: [=============================>                    ] 59% 59/100 Steps (2/5 epoch)...
[2025-08-31 21:43:16.649] Progress: [==============================>                   ] 60% 60/100 Steps (2/5 epoch)...
[2025-08-31 21:43:17.418] Loaded image chunk 3 with 2000 samples
[2025-08-31 21:43:17.427] Loaded label chunk 3 with 2000 labels
[2025-08-31 21:43:29.581] Progress: [==============================>                   ] 61% 61/100 Steps (2/5 epoch)...
[2025-08-31 21:43:41.732] Progress: [===============================>                  ] 62% 62/100 Steps (2/5 epoch)...
[2025-08-31 21:43:53.882] Progress: [===============================>                  ] 63% 63/100 Steps (2/5 epoch)...
[2025-08-31 21:44:06.032] Progress: [================================>                 ] 64% 64/100 Steps (2/5 epoch)...
[2025-08-31 21:44:18.180] Progress: [================================>                 ] 65% 65/100 Steps (2/5 epoch)...
[2025-08-31 21:44:30.332] Progress: [=================================>                ] 66% 66/100 Steps (2/5 epoch)...
[2025-08-31 21:44:42.483] Progress: [=================================>                ] 67% 67/100 Steps (2/5 epoch)...
[2025-08-31 21:44:54.632] Progress: [==================================>               ] 68% 68/100 Steps (2/5 epoch)...
[2025-08-31 21:45:06.782] Progress: [==================================>               ] 69% 69/100 Steps (2/5 epoch)...
[2025-08-31 21:45:18.933] Progress: [===================================>              ] 70% 70/100 Steps (2/5 epoch)...
[2025-08-31 21:45:31.082] Progress: [===================================>              ] 71% 71/100 Steps (2/5 epoch)...
[2025-08-31 21:45:43.232] Progress: [====================================>             ] 72% 72/100 Steps (2/5 epoch)...
[2025-08-31 21:45:55.379] Progress: [====================================>             ] 73% 73/100 Steps (2/5 epoch)...
[2025-08-31 21:46:07.529] Progress: [=====================================>            ] 74% 74/100 Steps (2/5 epoch)...
[2025-08-31 21:46:19.682] Progress: [=====================================>            ] 75% 75/100 Steps (2/5 epoch)...
[2025-08-31 21:46:31.832] Progress: [======================================>           ] 76% 76/100 Steps (2/5 epoch)...
[2025-08-31 21:46:43.982] Progress: [======================================>           ] 77% 77/100 Steps (2/5 epoch)...
[2025-08-31 21:46:56.132] Progress: [=======================================>          ] 78% 78/100 Steps (2/5 epoch)...
[2025-08-31 21:47:08.282] Progress: [=======================================>          ] 79% 79/100 Steps (2/5 epoch)...
[2025-08-31 21:47:20.432] Progress: [========================================>         ] 80% 80/100 Steps (2/5 epoch)...
[2025-08-31 21:47:21.198] Loaded image chunk 4 with 2000 samples
[2025-08-31 21:47:21.206] Loaded label chunk 4 with 2000 labels
[2025-08-31 21:47:33.361] Progress: [========================================>         ] 81% 81/100 Steps (2/5 epoch)...
[2025-08-31 21:47:45.511] Progress: [=========================================>        ] 82% 82/100 Steps (2/5 epoch)...
[2025-08-31 21:47:57.660] Progress: [=========================================>        ] 83% 83/100 Steps (2/5 epoch)...
[2025-08-31 21:48:09.810] Progress: [==========================================>       ] 84% 84/100 Steps (2/5 epoch)...
[2025-08-31 21:48:21.960] Progress: [==========================================>       ] 85% 85/100 Steps (2/5 epoch)...
[2025-08-31 21:48:34.107] Progress: [===========================================>      ] 86% 86/100 Steps (2/5 epoch)...
[2025-08-31 21:48:46.259] Progress: [===========================================>      ] 87% 87/100 Steps (2/5 epoch)...
[2025-08-31 21:48:58.409] Progress: [============================================>     ] 88% 88/100 Steps (2/5 epoch)...
[2025-08-31 21:49:10.559] Progress: [============================================>     ] 89% 89/100 Steps (2/5 epoch)...
[2025-08-31 21:49:22.711] Progress: [=============================================>    ] 90% 90/100 Steps (2/5 epoch)...
[2025-08-31 21:49:34.859] Progress: [=============================================>    ] 91% 91/100 Steps (2/5 epoch)...
[2025-08-31 21:49:47.009] Progress: [==============================================>   ] 92% 92/100 Steps (2/5 epoch)...
[2025-08-31 21:49:59.159] Progress: [==============================================>   ] 93% 93/100 Steps (2/5 epoch)...
[2025-08-31 21:50:11.308] Progress: [===============================================>  ] 94% 94/100 Steps (2/5 epoch)...
[2025-08-31 21:50:23.458] Progress: [===============================================>  ] 95% 95/100 Steps (2/5 epoch)...
[2025-08-31 21:50:35.608] Progress: [================================================> ] 96% 96/100 Steps (2/5 epoch)...
[2025-08-31 21:50:47.754] Progress: [================================================> ] 97% 97/100 Steps (2/5 epoch)...
[2025-08-31 21:50:59.907] Progress: [=================================================>] 98% 98/100 Steps (2/5 epoch)...
[2025-08-31 21:51:12.054] Progress: [=================================================>] 99% 99/100 Steps (2/5 epoch)...
[2025-08-31 21:51:24.206] Progress: [==================================================] 100% 100/100 Steps (2/5 epoch)...
[2025-08-31 21:51:24.240] Epoch 2/5 - Loss: 20.1886
[2025-08-31 21:51:24.248] Storing model parameters.......
[2025-08-31 21:51:25.536] Parameters saved to /params.bin, total bytes written=52968
[2025-08-31 21:51:26.304] Loaded image chunk 0 with 2000 samples
[2025-08-31 21:51:26.313] Loaded label chunk 0 with 2000 labels
[2025-08-31 21:51:38.468] Progress: [>                                                 ] 1% 1/100 Steps (3/5 epoch)...
[2025-08-31 21:51:50.617] Progress: [=>                                                ] 2% 2/100 Steps (3/5 epoch)...
[2025-08-31 21:52:02.767] Progress: [=>                                                ] 3% 3/100 Steps (3/5 epoch)...
[2025-08-31 21:52:14.917] Progress: [==>                                               ] 4% 4/100 Steps (3/5 epoch)...
[2025-08-31 21:52:27.066] Progress: [==>                                               ] 5% 5/100 Steps (3/5 epoch)...
[2025-08-31 21:52:39.216] Progress: [===>                                              ] 6% 6/100 Steps (3/5 epoch)...
[2025-08-31 21:52:51.366] Progress: [===>                                              ] 7% 7/100 Steps (3/5 epoch)...
[2025-08-31 21:53:03.516] Progress: [====>                                             ] 8% 8/100 Steps (3/5 epoch)...
[2025-08-31 21:53:15.665] Progress: [====>                                             ] 9% 9/100 Steps (3/5 epoch)...
[2025-08-31 21:53:27.815] Progress: [=====>                                            ] 10% 10/100 Steps (3/5 epoch)...
[2025-08-31 21:53:39.962] Progress: [=====>                                            ] 11% 11/100 Steps (3/5 epoch)...
[2025-08-31 21:53:52.112] Progress: [======>                                           ] 12% 12/100 Steps (3/5 epoch)...
[2025-08-31 21:54:04.264] Progress: [======>                                           ] 13% 13/100 Steps (3/5 epoch)...
[2025-08-31 21:54:16.411] Progress: [=======>                                          ] 14% 14/100 Steps (3/5 epoch)...
[2025-08-31 21:54:28.561] Progress: [=======>                                          ] 15% 15/100 Steps (3/5 epoch)...
[2025-08-31 21:54:40.713] Progress: [========>                                         ] 16% 16/100 Steps (3/5 epoch)...
[2025-08-31 21:54:52.863] Progress: [========>                                         ] 17% 17/100 Steps (3/5 epoch)...
[2025-08-31 21:55:05.013] Progress: [=========>                                        ] 18% 18/100 Steps (3/5 epoch)...
[2025-08-31 21:55:17.163] Progress: [=========>                                        ] 19% 19/100 Steps (3/5 epoch)...
[2025-08-31 21:55:29.310] Progress: [==========>                                       ] 20% 20/100 Steps (3/5 epoch)...
[2025-08-31 21:55:30.078] Loaded image chunk 1 with 2000 samples
[2025-08-31 21:55:30.087] Loaded label chunk 1 with 2000 labels
[2025-08-31 21:55:42.241] Progress: [==========>                                       ] 21% 21/100 Steps (3/5 epoch)...
[2025-08-31 21:55:54.392] Progress: [===========>                                      ] 22% 22/100 Steps (3/5 epoch)...
[2025-08-31 21:56:06.539] Progress: [===========>                                      ] 23% 23/100 Steps (3/5 epoch)...
[2025-08-31 21:56:18.691] Progress: [============>                                     ] 24% 24/100 Steps (3/5 epoch)...
[2025-08-31 21:56:30.841] Progress: [============>                                     ] 25% 25/100 Steps (3/5 epoch)...
[2025-08-31 21:56:42.991] Progress: [=============>                                    ] 26% 26/100 Steps (3/5 epoch)...
[2025-08-31 21:56:55.141] Progress: [=============>                                    ] 27% 27/100 Steps (3/5 epoch)...
[2025-08-31 21:57:07.291] Progress: [==============>                                   ] 28% 28/100 Steps (3/5 epoch)...
[2025-08-31 21:57:19.441] Progress: [==============>                                   ] 29% 29/100 Steps (3/5 epoch)...
[2025-08-31 21:57:31.588] Progress: [===============>                                  ] 30% 30/100 Steps (3/5 epoch)...
[2025-08-31 21:57:43.741] Progress: [===============>                                  ] 31% 31/100 Steps (3/5 epoch)...
[2025-08-31 21:57:55.891] Progress: [================>                                 ] 32% 32/100 Steps (3/5 epoch)...
[2025-08-31 21:58:08.041] Progress: [================>                                 ] 33% 33/100 Steps (3/5 epoch)...
[2025-08-31 21:58:20.191] Progress: [=================>                                ] 34% 34/100 Steps (3/5 epoch)...
[2025-08-31 21:58:32.341] Progress: [=================>                                ] 35% 35/100 Steps (3/5 epoch)...
[2025-08-31 21:58:44.488] Progress: [==================>                               ] 36% 36/100 Steps (3/5 epoch)...
[2025-08-31 21:58:56.641] Progress: [==================>                               ] 37% 37/100 Steps (3/5 epoch)...
[2025-08-31 21:59:08.791] Progress: [===================>                              ] 38% 38/100 Steps (3/5 epoch)...
[2025-08-31 21:59:20.941] Progress: [===================>                              ] 39% 39/100 Steps (3/5 epoch)...
[2025-08-31 21:59:33.091] Progress: [====================>                             ] 40% 40/100 Steps (3/5 epoch)...
[2025-08-31 21:59:33.857] Loaded image chunk 2 with 2000 samples
[2025-08-31 21:59:33.867] Loaded label chunk 2 with 2000 labels
[2025-08-31 21:59:46.021] Progress: [====================>                             ] 41% 41/100 Steps (3/5 epoch)...
[2025-08-31 21:59:58.171] Progress: [=====================>                            ] 42% 42/100 Steps (3/5 epoch)...
[2025-08-31 22:00:10.321] Progress: [=====================>                            ] 43% 43/100 Steps (3/5 epoch)...
[2025-08-31 22:00:22.471] Progress: [======================>                           ] 44% 44/100 Steps (3/5 epoch)...
[2025-08-31 22:00:34.621] Progress: [======================>                           ] 45% 45/100 Steps (3/5 epoch)...
[2025-08-31 22:00:46.771] Progress: [=======================>                          ] 46% 46/100 Steps (3/5 epoch)...
[2025-08-31 22:00:58.921] Progress: [=======================>                          ] 47% 47/100 Steps (3/5 epoch)...
[2025-08-31 22:01:11.068] Progress: [========================>                         ] 48% 48/100 Steps (3/5 epoch)...
[2025-08-31 22:01:23.220] Progress: [========================>                         ] 49% 49/100 Steps (3/5 epoch)...
[2025-08-31 22:01:35.370] Progress: [=========================>                        ] 50% 50/100 Steps (3/5 epoch)...
[2025-08-31 22:01:47.518] Progress: [=========================>                        ] 51% 51/100 Steps (3/5 epoch)...
[2025-08-31 22:01:59.671] Progress: [==========================>                       ] 52% 52/100 Steps (3/5 epoch)...
[2025-08-31 22:02:11.818] Progress: [==========================>                       ] 53% 53/100 Steps (3/5 epoch)...
[2025-08-31 22:02:23.970] Progress: [===========================>                      ] 54% 54/100 Steps (3/5 epoch)...
[2025-08-31 22:02:36.118] Progress: [===========================>                      ] 55% 55/100 Steps (3/5 epoch)...
[2025-08-31 22:02:48.270] Progress: [============================>                     ] 56% 56/100 Steps (3/5 epoch)...
[2025-08-31 22:03:00.421] Progress: [============================>                     ] 57% 57/100 Steps (3/5 epoch)...
[2025-08-31 22:03:12.570] Progress: [=============================>                    ] 58% 58/100 Steps (3/5 epoch)...
[2025-08-31 22:03:24.718] Progress: [=============================>                    ] 59% 59/100 Steps (3/5 epoch)...
[2025-08-31 22:03:36.870] Progress: [==============================>                   ] 60% 60/100 Steps (3/5 epoch)...
[2025-08-31 22:03:37.636] Loaded image chunk 3 with 2000 samples
[2025-08-31 22:03:37.646] Loaded label chunk 3 with 2000 labels
[2025-08-31 22:03:49.800] Progress: [==============================>                   ] 61% 61/100 Steps (3/5 epoch)...
[2025-08-31 22:04:01.948] Progress: [===============================>                  ] 62% 62/100 Steps (3/5 epoch)...
[2025-08-31 22:04:14.100] Progress: [===============================>                  ] 63% 63/100 Steps (3/5 epoch)...
[2025-08-31 22:04:26.247] Progress: [================================>                 ] 64% 64/100 Steps (3/5 epoch)...
[2025-08-31 22:04:38.397] Progress: [================================>                 ] 65% 65/100 Steps (3/5 epoch)...
[2025-08-31 22:04:50.550] Progress: [=================================>                ] 66% 66/100 Steps (3/5 epoch)...
[2025-08-31 22:05:02.700] Progress: [=================================>                ] 67% 67/100 Steps (3/5 epoch)...
[2025-08-31 22:05:14.850] Progress: [==================================>               ] 68% 68/100 Steps (3/5 epoch)...
[2025-08-31 22:05:27.000] Progress: [==================================>               ] 69% 69/100 Steps (3/5 epoch)...
[2025-08-31 22:05:39.150] Progress: [===================================>              ] 70% 70/100 Steps (3/5 epoch)...
[2025-08-31 22:05:51.297] Progress: [===================================>              ] 71% 71/100 Steps (3/5 epoch)...
[2025-08-31 22:06:03.450] Progress: [====================================>             ] 72% 72/100 Steps (3/5 epoch)...
[2025-08-31 22:06:15.600] Progress: [====================================>             ] 73% 73/100 Steps (3/5 epoch)...
[2025-08-31 22:06:27.750] Progress: [=====================================>            ] 74% 74/100 Steps (3/5 epoch)...
[2025-08-31 22:06:39.900] Progress: [=====================================>            ] 75% 75/100 Steps (3/5 epoch)...
[2025-08-31 22:06:52.050] Progress: [======================================>           ] 76% 76/100 Steps (3/5 epoch)...
[2025-08-31 22:07:04.200] Progress: [======================================>           ] 77% 77/100 Steps (3/5 epoch)...
[2025-08-31 22:07:16.347] Progress: [=======================================>          ] 78% 78/100 Steps (3/5 epoch)...
[2025-08-31 22:07:28.500] Progress: [=======================================>          ] 79% 79/100 Steps (3/5 epoch)...
[2025-08-31 22:07:40.650] Progress: [========================================>         ] 80% 80/100 Steps (3/5 epoch)...
[2025-08-31 22:07:41.416] Loaded image chunk 4 with 2000 samples
[2025-08-31 22:07:41.425] Loaded label chunk 4 with 2000 labels
[2025-08-31 22:07:53.580] Progress: [========================================>         ] 81% 81/100 Steps (3/5 epoch)...
[2025-08-31 22:08:05.727] Progress: [=========================================>        ] 82% 82/100 Steps (3/5 epoch)...
[2025-08-31 22:08:17.877] Progress: [=========================================>        ] 83% 83/100 Steps (3/5 epoch)...
[2025-08-31 22:08:30.030] Progress: [==========================================>       ] 84% 84/100 Steps (3/5 epoch)...
[2025-08-31 22:08:42.180] Progress: [==========================================>       ] 85% 85/100 Steps (3/5 epoch)...
[2025-08-31 22:08:54.330] Progress: [===========================================>      ] 86% 86/100 Steps (3/5 epoch)...
[2025-08-31 22:09:06.480] Progress: [===========================================>      ] 87% 87/100 Steps (3/5 epoch)...
[2025-08-31 22:09:18.627] Progress: [============================================>     ] 88% 88/100 Steps (3/5 epoch)...
[2025-08-31 22:09:30.780] Progress: [============================================>     ] 89% 89/100 Steps (3/5 epoch)...
[2025-08-31 22:09:42.927] Progress: [=============================================>    ] 90% 90/100 Steps (3/5 epoch)...
[2025-08-31 22:09:55.080] Progress: [=============================================>    ] 91% 91/100 Steps (3/5 epoch)...
[2025-08-31 22:10:07.230] Progress: [==============================================>   ] 92% 92/100 Steps (3/5 epoch)...
[2025-08-31 22:10:19.380] Progress: [==============================================>   ] 93% 93/100 Steps (3/5 epoch)...
[2025-08-31 22:10:31.527] Progress: [===============================================>  ] 94% 94/100 Steps (3/5 epoch)...
[2025-08-31 22:10:43.679] Progress: [===============================================>  ] 95% 95/100 Steps (3/5 epoch)...
[2025-08-31 22:10:55.830] Progress: [================================================> ] 96% 96/100 Steps (3/5 epoch)...
[2025-08-31 22:11:07.980] Progress: [================================================> ] 97% 97/100 Steps (3/5 epoch)...
[2025-08-31 22:11:20.130] Progress: [=================================================>] 98% 98/100 Steps (3/5 epoch)...
[2025-08-31 22:11:32.280] Progress: [=================================================>] 99% 99/100 Steps (3/5 epoch)...
[2025-08-31 22:11:44.429] Progress: [==================================================] 100% 100/100 Steps (3/5 epoch)...
[2025-08-31 22:11:44.438] Epoch 3/5 - Loss: 12.6448
[2025-08-31 22:11:44.439] Storing model parameters.......
[2025-08-31 22:11:45.734] Parameters saved to /params.bin, total bytes written=52968
[2025-08-31 22:11:46.503] Loaded image chunk 0 with 2000 samples
[2025-08-31 22:11:46.511] Loaded label chunk 0 with 2000 labels
[2025-08-31 22:11:58.667] Progress: [>                                                 ] 1% 1/100 Steps (4/5 epoch)...
[2025-08-31 22:12:10.814] Progress: [=>                                                ] 2% 2/100 Steps (4/5 epoch)...
[2025-08-31 22:12:22.967] Progress: [=>                                                ] 3% 3/100 Steps (4/5 epoch)...
[2025-08-31 22:12:35.117] Progress: [==>                                               ] 4% 4/100 Steps (4/5 epoch)...
[2025-08-31 22:12:47.266] Progress: [==>                                               ] 5% 5/100 Steps (4/5 epoch)...
[2025-08-31 22:12:59.417] Progress: [===>                                              ] 6% 6/100 Steps (4/5 epoch)...
[2025-08-31 22:13:11.564] Progress: [===>                                              ] 7% 7/100 Steps (4/5 epoch)...
[2025-08-31 22:13:23.714] Progress: [====>                                             ] 8% 8/100 Steps (4/5 epoch)...
[2025-08-31 22:13:35.863] Progress: [====>                                             ] 9% 9/100 Steps (4/5 epoch)...
[2025-08-31 22:13:48.016] Progress: [=====>                                            ] 10% 10/100 Steps (4/5 epoch)...
[2025-08-31 22:14:00.164] Progress: [=====>                                            ] 11% 11/100 Steps (4/5 epoch)...
[2025-08-31 22:14:12.316] Progress: [======>                                           ] 12% 12/100 Steps (4/5 epoch)...
[2025-08-31 22:14:24.466] Progress: [======>                                           ] 13% 13/100 Steps (4/5 epoch)...
[2025-08-31 22:14:36.616] Progress: [=======>                                          ] 14% 14/100 Steps (4/5 epoch)...
[2025-08-31 22:14:48.766] Progress: [=======>                                          ] 15% 15/100 Steps (4/5 epoch)...
[2025-08-31 22:15:00.916] Progress: [========>                                         ] 16% 16/100 Steps (4/5 epoch)...
[2025-08-31 22:15:13.066] Progress: [========>                                         ] 17% 17/100 Steps (4/5 epoch)...
[2025-08-31 22:15:25.213] Progress: [=========>                                        ] 18% 18/100 Steps (4/5 epoch)...
[2025-08-31 22:15:37.364] Progress: [=========>                                        ] 19% 19/100 Steps (4/5 epoch)...
[2025-08-31 22:15:49.513] Progress: [==========>                                       ] 20% 20/100 Steps (4/5 epoch)...
[2025-08-31 22:15:50.282] Loaded image chunk 1 with 2000 samples
[2025-08-31 22:15:50.291] Loaded label chunk 1 with 2000 labels
[2025-08-31 22:16:02.446] Progress: [==========>                                       ] 21% 21/100 Steps (4/5 epoch)...
[2025-08-31 22:16:14.596] Progress: [===========>                                      ] 22% 22/100 Steps (4/5 epoch)...
[2025-08-31 22:16:26.746] Progress: [===========>                                      ] 23% 23/100 Steps (4/5 epoch)...
[2025-08-31 22:16:38.896] Progress: [============>                                     ] 24% 24/100 Steps (4/5 epoch)...
[2025-08-31 22:16:51.046] Progress: [============>                                     ] 25% 25/100 Steps (4/5 epoch)...
[2025-08-31 22:17:03.193] Progress: [=============>                                    ] 26% 26/100 Steps (4/5 epoch)...
[2025-08-31 22:17:15.343] Progress: [=============>                                    ] 27% 27/100 Steps (4/5 epoch)...
[2025-08-31 22:17:27.496] Progress: [==============>                                   ] 28% 28/100 Steps (4/5 epoch)...
[2025-08-31 22:17:39.643] Progress: [==============>                                   ] 29% 29/100 Steps (4/5 epoch)...
[2025-08-31 22:17:51.793] Progress: [===============>                                  ] 30% 30/100 Steps (4/5 epoch)...
[2025-08-31 22:18:03.946] Progress: [===============>                                  ] 31% 31/100 Steps (4/5 epoch)...
[2025-08-31 22:18:16.096] Progress: [================>                                 ] 32% 32/100 Steps (4/5 epoch)...
[2025-08-31 22:18:28.245] Progress: [================>                                 ] 33% 33/100 Steps (4/5 epoch)...
[2025-08-31 22:18:40.396] Progress: [=================>                                ] 34% 34/100 Steps (4/5 epoch)...
[2025-08-31 22:18:52.543] Progress: [=================>                                ] 35% 35/100 Steps (4/5 epoch)...
[2025-08-31 22:19:04.693] Progress: [==================>                               ] 36% 36/100 Steps (4/5 epoch)...
[2025-08-31 22:19:16.846] Progress: [==================>                               ] 37% 37/100 Steps (4/5 epoch)...
[2025-08-31 22:19:28.996] Progress: [===================>                              ] 38% 38/100 Steps (4/5 epoch)...
[2025-08-31 22:19:41.146] Progress: [===================>                              ] 39% 39/100 Steps (4/5 epoch)...
[2025-08-31 22:19:53.295] Progress: [====================>                             ] 40% 40/100 Steps (4/5 epoch)...
[2025-08-31 22:19:54.062] Loaded image chunk 2 with 2000 samples
[2025-08-31 22:19:54.073] Loaded label chunk 2 with 2000 labels
[2025-08-31 22:20:06.225] Progress: [====================>                             ] 41% 41/100 Steps (4/5 epoch)...
[2025-08-31 22:20:18.375] Progress: [=====================>                            ] 42% 42/100 Steps (4/5 epoch)...
[2025-08-31 22:20:30.525] Progress: [=====================>                            ] 43% 43/100 Steps (4/5 epoch)...
[2025-08-31 22:20:42.675] Progress: [======================>                           ] 44% 44/100 Steps (4/5 epoch)...
[2025-08-31 22:20:54.825] Progress: [======================>                           ] 45% 45/100 Steps (4/5 epoch)...
[2025-08-31 22:21:06.975] Progress: [=======================>                          ] 46% 46/100 Steps (4/5 epoch)...
[2025-08-31 22:21:19.123] Progress: [=======================>                          ] 47% 47/100 Steps (4/5 epoch)...
[2025-08-31 22:21:31.275] Progress: [========================>                         ] 48% 48/100 Steps (4/5 epoch)...
[2025-08-31 22:21:43.422] Progress: [========================>                         ] 49% 49/100 Steps (4/5 epoch)...
[2025-08-31 22:21:55.572] Progress: [=========================>                        ] 50% 50/100 Steps (4/5 epoch)...
[2025-08-31 22:22:07.725] Progress: [=========================>                        ] 51% 51/100 Steps (4/5 epoch)...
[2025-08-31 22:22:19.875] Progress: [==========================>                       ] 52% 52/100 Steps (4/5 epoch)...
[2025-08-31 22:22:32.025] Progress: [==========================>                       ] 53% 53/100 Steps (4/5 epoch)...
[2025-08-31 22:22:44.175] Progress: [===========================>                      ] 54% 54/100 Steps (4/5 epoch)...
[2025-08-31 22:22:56.325] Progress: [===========================>                      ] 55% 55/100 Steps (4/5 epoch)...
[2025-08-31 22:23:08.475] Progress: [============================>                     ] 56% 56/100 Steps (4/5 epoch)...
[2025-08-31 22:23:20.625] Progress: [============================>                     ] 57% 57/100 Steps (4/5 epoch)...
[2025-08-31 22:23:32.772] Progress: [=============================>                    ] 58% 58/100 Steps (4/5 epoch)...
[2025-08-31 22:23:44.925] Progress: [=============================>                    ] 59% 59/100 Steps (4/5 epoch)...
[2025-08-31 22:23:57.075] Progress: [==============================>                   ] 60% 60/100 Steps (4/5 epoch)...
[2025-08-31 22:23:57.841] Loaded image chunk 3 with 2000 samples
[2025-08-31 22:23:57.850] Loaded label chunk 3 with 2000 labels
[2025-08-31 22:24:10.005] Progress: [==============================>                   ] 61% 61/100 Steps (4/5 epoch)...
[2025-08-31 22:24:22.155] Progress: [===============================>                  ] 62% 62/100 Steps (4/5 epoch)...
[2025-08-31 22:24:34.302] Progress: [===============================>                  ] 63% 63/100 Steps (4/5 epoch)...
[2025-08-31 22:24:46.452] Progress: [================================>                 ] 64% 64/100 Steps (4/5 epoch)...
[2025-08-31 22:24:58.602] Progress: [================================>                 ] 65% 65/100 Steps (4/5 epoch)...
[2025-08-31 22:25:10.755] Progress: [=================================>                ] 66% 66/100 Steps (4/5 epoch)...
[2025-08-31 22:25:22.905] Progress: [=================================>                ] 67% 67/100 Steps (4/5 epoch)...
[2025-08-31 22:25:35.055] Progress: [==================================>               ] 68% 68/100 Steps (4/5 epoch)...
[2025-08-31 22:25:47.205] Progress: [==================================>               ] 69% 69/100 Steps (4/5 epoch)...
[2025-08-31 22:25:59.355] Progress: [===================================>              ] 70% 70/100 Steps (4/5 epoch)...
[2025-08-31 22:26:11.502] Progress: [===================================>              ] 71% 71/100 Steps (4/5 epoch)...
[2025-08-31 22:26:23.655] Progress: [====================================>             ] 72% 72/100 Steps (4/5 epoch)...
[2025-08-31 22:26:35.805] Progress: [====================================>             ] 73% 73/100 Steps (4/5 epoch)...
[2025-08-31 22:26:47.955] Progress: [=====================================>            ] 74% 74/100 Steps (4/5 epoch)...
[2025-08-31 22:27:00.105] Progress: [=====================================>            ] 75% 75/100 Steps (4/5 epoch)...
[2025-08-31 22:27:12.255] Progress: [======================================>           ] 76% 76/100 Steps (4/5 epoch)...
[2025-08-31 22:27:24.404] Progress: [======================================>           ] 77% 77/100 Steps (4/5 epoch)...
[2025-08-31 22:27:36.552] Progress: [=======================================>          ] 78% 78/100 Steps (4/5 epoch)...
[2025-08-31 22:27:48.704] Progress: [=======================================>          ] 79% 79/100 Steps (4/5 epoch)...
[2025-08-31 22:28:00.855] Progress: [========================================>         ] 80% 80/100 Steps (4/5 epoch)...
[2025-08-31 22:28:01.621] Loaded image chunk 4 with 2000 samples
[2025-08-31 22:28:01.629] Loaded label chunk 4 with 2000 labels
[2025-08-31 22:28:13.784] Progress: [========================================>         ] 81% 81/100 Steps (4/5 epoch)...
[2025-08-31 22:28:25.934] Progress: [=========================================>        ] 82% 82/100 Steps (4/5 epoch)...
[2025-08-31 22:28:38.081] Progress: [=========================================>        ] 83% 83/100 Steps (4/5 epoch)...
[2025-08-31 22:28:50.231] Progress: [==========================================>       ] 84% 84/100 Steps (4/5 epoch)...
[2025-08-31 22:29:02.381] Progress: [==========================================>       ] 85% 85/100 Steps (4/5 epoch)...
[2025-08-31 22:29:14.533] Progress: [===========================================>      ] 86% 86/100 Steps (4/5 epoch)...
[2025-08-31 22:29:26.683] Progress: [===========================================>      ] 87% 87/100 Steps (4/5 epoch)...
[2025-08-31 22:29:38.833] Progress: [============================================>     ] 88% 88/100 Steps (4/5 epoch)...
[2025-08-31 22:29:50.980] Progress: [============================================>     ] 89% 89/100 Steps (4/5 epoch)...
[2025-08-31 22:30:03.130] Progress: [=============================================>    ] 90% 90/100 Steps (4/5 epoch)...
[2025-08-31 22:30:15.282] Progress: [=============================================>    ] 91% 91/100 Steps (4/5 epoch)...
[2025-08-31 22:30:27.429] Progress: [==============================================>   ] 92% 92/100 Steps (4/5 epoch)...
[2025-08-31 22:30:39.579] Progress: [==============================================>   ] 93% 93/100 Steps (4/5 epoch)...
[2025-08-31 22:30:51.729] Progress: [===============================================>  ] 94% 94/100 Steps (4/5 epoch)...
[2025-08-31 22:31:03.882] Progress: [===============================================>  ] 95% 95/100 Steps (4/5 epoch)...
[2025-08-31 22:31:16.031] Progress: [================================================> ] 96% 96/100 Steps (4/5 epoch)...
[2025-08-31 22:31:28.181] Progress: [================================================> ] 97% 97/100 Steps (4/5 epoch)...
[2025-08-31 22:31:40.331] Progress: [=================================================>] 98% 98/100 Steps (4/5 epoch)...
[2025-08-31 22:31:52.481] Progress: [=================================================>] 99% 99/100 Steps (4/5 epoch)...
[2025-08-31 22:32:04.631] Progress: [==================================================] 100% 100/100 Steps (4/5 epoch)...
[2025-08-31 22:32:04.646] Epoch 4/5 - Loss: 9.1209
[2025-08-31 22:32:04.649] Storing model parameters.......
[2025-08-31 22:32:06.016] Parameters saved to /params.bin, total bytes written=52968
[2025-08-31 22:32:06.785] Loaded image chunk 0 with 2000 samples
[2025-08-31 22:32:06.793] Loaded label chunk 0 with 2000 labels
[2025-08-31 22:32:18.948] Progress: [>                                                 ] 1% 1/100 Steps (5/5 epoch)...
[2025-08-31 22:32:31.098] Progress: [=>                                                ] 2% 2/100 Steps (5/5 epoch)...
[2025-08-31 22:32:43.247] Progress: [=>                                                ] 3% 3/100 Steps (5/5 epoch)...
[2025-08-31 22:32:55.398] Progress: [==>                                               ] 4% 4/100 Steps (5/5 epoch)...
[2025-08-31 22:33:07.547] Progress: [==>                                               ] 5% 5/100 Steps (5/5 epoch)...
[2025-08-31 22:33:19.694] Progress: [===>                                              ] 6% 6/100 Steps (5/5 epoch)...
[2025-08-31 22:33:31.847] Progress: [===>                                              ] 7% 7/100 Steps (5/5 epoch)...
[2025-08-31 22:33:43.997] Progress: [====>                                             ] 8% 8/100 Steps (5/5 epoch)...
[2025-08-31 22:33:56.147] Progress: [====>                                             ] 9% 9/100 Steps (5/5 epoch)...
[2025-08-31 22:34:08.297] Progress: [=====>                                            ] 10% 10/100 Steps (5/5 epoch)...
[2025-08-31 22:34:20.447] Progress: [=====>                                            ] 11% 11/100 Steps (5/5 epoch)...
[2025-08-31 22:34:32.597] Progress: [======>                                           ] 12% 12/100 Steps (5/5 epoch)...
[2025-08-31 22:34:44.747] Progress: [======>                                           ] 13% 13/100 Steps (5/5 epoch)...
[2025-08-31 22:34:56.897] Progress: [=======>                                          ] 14% 14/100 Steps (5/5 epoch)...
[2025-08-31 22:35:09.047] Progress: [=======>                                          ] 15% 15/100 Steps (5/5 epoch)...
[2025-08-31 22:35:21.197] Progress: [========>                                         ] 16% 16/100 Steps (5/5 epoch)...
[2025-08-31 22:35:33.347] Progress: [========>                                         ] 17% 17/100 Steps (5/5 epoch)...
[2025-08-31 22:35:45.497] Progress: [=========>                                        ] 18% 18/100 Steps (5/5 epoch)...
[2025-08-31 22:35:57.647] Progress: [=========>                                        ] 19% 19/100 Steps (5/5 epoch)...
[2025-08-31 22:36:09.797] Progress: [==========>                                       ] 20% 20/100 Steps (5/5 epoch)...
[2025-08-31 22:36:10.563] Loaded image chunk 1 with 2000 samples
[2025-08-31 22:36:10.572] Loaded label chunk 1 with 2000 labels
[2025-08-31 22:36:22.727] Progress: [==========>                                       ] 21% 21/100 Steps (5/5 epoch)...
[2025-08-31 22:36:34.877] Progress: [===========>                                      ] 22% 22/100 Steps (5/5 epoch)...
[2025-08-31 22:36:47.024] Progress: [===========>                                      ] 23% 23/100 Steps (5/5 epoch)...
[2025-08-31 22:36:59.177] Progress: [============>                                     ] 24% 24/100 Steps (5/5 epoch)...
[2025-08-31 22:37:11.324] Progress: [============>                                     ] 25% 25/100 Steps (5/5 epoch)...
[2025-08-31 22:37:23.477] Progress: [=============>                                    ] 26% 26/100 Steps (5/5 epoch)...
[2025-08-31 22:37:35.624] Progress: [=============>                                    ] 27% 27/100 Steps (5/5 epoch)...
[2025-08-31 22:37:47.777] Progress: [==============>                                   ] 28% 28/100 Steps (5/5 epoch)...
[2025-08-31 22:37:59.924] Progress: [==============>                                   ] 29% 29/100 Steps (5/5 epoch)...
[2025-08-31 22:38:12.077] Progress: [===============>                                  ] 30% 30/100 Steps (5/5 epoch)...
[2025-08-31 22:38:24.227] Progress: [===============>                                  ] 31% 31/100 Steps (5/5 epoch)...
[2025-08-31 22:38:36.374] Progress: [================>                                 ] 32% 32/100 Steps (5/5 epoch)...
[2025-08-31 22:38:48.527] Progress: [================>                                 ] 33% 33/100 Steps (5/5 epoch)...
[2025-08-31 22:39:00.674] Progress: [=================>                                ] 34% 34/100 Steps (5/5 epoch)...
[2025-08-31 22:39:12.827] Progress: [=================>                                ] 35% 35/100 Steps (5/5 epoch)...
[2025-08-31 22:39:24.977] Progress: [==================>                               ] 36% 36/100 Steps (5/5 epoch)...
[2025-08-31 22:39:37.127] Progress: [==================>                               ] 37% 37/100 Steps (5/5 epoch)...
[2025-08-31 22:39:49.277] Progress: [===================>                              ] 38% 38/100 Steps (5/5 epoch)...
[2025-08-31 22:40:01.427] Progress: [===================>                              ] 39% 39/100 Steps (5/5 epoch)...
[2025-08-31 22:40:13.574] Progress: [====================>                             ] 40% 40/100 Steps (5/5 epoch)...
[2025-08-31 22:40:14.343] Loaded image chunk 2 with 2000 samples
[2025-08-31 22:40:14.353] Loaded label chunk 2 with 2000 labels
[2025-08-31 22:40:26.506] Progress: [====================>                             ] 41% 41/100 Steps (5/5 epoch)...
[2025-08-31 22:40:38.654] Progress: [=====================>                            ] 42% 42/100 Steps (5/5 epoch)...
[2025-08-31 22:40:50.803] Progress: [=====================>                            ] 43% 43/100 Steps (5/5 epoch)...
[2025-08-31 22:41:02.956] Progress: [======================>                           ] 44% 44/100 Steps (5/5 epoch)...
[2025-08-31 22:41:15.103] Progress: [======================>                           ] 45% 45/100 Steps (5/5 epoch)...
[2025-08-31 22:41:27.256] Progress: [=======================>                          ] 46% 46/100 Steps (5/5 epoch)...
[2025-08-31 22:41:39.406] Progress: [=======================>                          ] 47% 47/100 Steps (5/5 epoch)...
[2025-08-31 22:41:51.556] Progress: [========================>                         ] 48% 48/100 Steps (5/5 epoch)...
[2025-08-31 22:42:03.706] Progress: [========================>                         ] 49% 49/100 Steps (5/5 epoch)...
[2025-08-31 22:42:15.856] Progress: [=========================>                        ] 50% 50/100 Steps (5/5 epoch)...
[2025-08-31 22:42:28.006] Progress: [=========================>                        ] 51% 51/100 Steps (5/5 epoch)...
[2025-08-31 22:42:40.153] Progress: [==========================>                       ] 52% 52/100 Steps (5/5 epoch)...
[2025-08-31 22:42:52.306] Progress: [==========================>                       ] 53% 53/100 Steps (5/5 epoch)...
[2025-08-31 22:43:04.456] Progress: [===========================>                      ] 54% 54/100 Steps (5/5 epoch)...
[2025-08-31 22:43:16.603] Progress: [===========================>                      ] 55% 55/100 Steps (5/5 epoch)...
[2025-08-31 22:43:28.753] Progress: [============================>                     ] 56% 56/100 Steps (5/5 epoch)...
[2025-08-31 22:43:40.906] Progress: [============================>                     ] 57% 57/100 Steps (5/5 epoch)...
[2025-08-31 22:43:53.056] Progress: [=============================>                    ] 58% 58/100 Steps (5/5 epoch)...
[2025-08-31 22:44:05.203] Progress: [=============================>                    ] 59% 59/100 Steps (5/5 epoch)...
[2025-08-31 22:44:17.356] Progress: [==============================>                   ] 60% 60/100 Steps (5/5 epoch)...
[2025-08-31 22:44:18.122] Loaded image chunk 3 with 2000 samples
[2025-08-31 22:44:18.130] Loaded label chunk 3 with 2000 labels
[2025-08-31 22:44:30.286] Progress: [==============================>                   ] 61% 61/100 Steps (5/5 epoch)...
[2025-08-31 22:44:42.436] Progress: [===============================>                  ] 62% 62/100 Steps (5/5 epoch)...
[2025-08-31 22:44:54.586] Progress: [===============================>                  ] 63% 63/100 Steps (5/5 epoch)...
[2025-08-31 22:45:06.733] Progress: [================================>                 ] 64% 64/100 Steps (5/5 epoch)...
[2025-08-31 22:45:18.886] Progress: [================================>                 ] 65% 65/100 Steps (5/5 epoch)...
[2025-08-31 22:45:31.036] Progress: [=================================>                ] 66% 66/100 Steps (5/5 epoch)...
[2025-08-31 22:45:43.186] Progress: [=================================>                ] 67% 67/100 Steps (5/5 epoch)...
[2025-08-31 22:45:55.333] Progress: [==================================>               ] 68% 68/100 Steps (5/5 epoch)...
[2025-08-31 22:46:07.483] Progress: [==================================>               ] 69% 69/100 Steps (5/5 epoch)...
[2025-08-31 22:46:19.633] Progress: [===================================>              ] 70% 70/100 Steps (5/5 epoch)...
[2025-08-31 22:46:31.783] Progress: [===================================>              ] 71% 71/100 Steps (5/5 epoch)...
[2025-08-31 22:46:43.936] Progress: [====================================>             ] 72% 72/100 Steps (5/5 epoch)...
[2025-08-31 22:46:56.086] Progress: [====================================>             ] 73% 73/100 Steps (5/5 epoch)...
[2025-08-31 22:47:08.236] Progress: [=====================================>            ] 74% 74/100 Steps (5/5 epoch)...
[2025-08-31 22:47:20.383] Progress: [=====================================>            ] 75% 75/100 Steps (5/5 epoch)...
[2025-08-31 22:47:32.536] Progress: [======================================>           ] 76% 76/100 Steps (5/5 epoch)...
[2025-08-31 22:47:44.683] Progress: [======================================>           ] 77% 77/100 Steps (5/5 epoch)...
[2025-08-31 22:47:56.836] Progress: [=======================================>          ] 78% 78/100 Steps (5/5 epoch)...
[2025-08-31 22:48:08.986] Progress: [=======================================>          ] 79% 79/100 Steps (5/5 epoch)...
[2025-08-31 22:48:21.135] Progress: [========================================>         ] 80% 80/100 Steps (5/5 epoch)...
[2025-08-31 22:48:21.902] Loaded image chunk 4 with 2000 samples
[2025-08-31 22:48:21.910] Loaded label chunk 4 with 2000 labels
[2025-08-31 22:48:34.065] Progress: [========================================>         ] 81% 81/100 Steps (5/5 epoch)...
[2025-08-31 22:48:46.212] Progress: [=========================================>        ] 82% 82/100 Steps (5/5 epoch)...
[2025-08-31 22:48:58.365] Progress: [=========================================>        ] 83% 83/100 Steps (5/5 epoch)...
[2025-08-31 22:49:10.515] Progress: [==========================================>       ] 84% 84/100 Steps (5/5 epoch)...
[2025-08-31 22:49:22.665] Progress: [==========================================>       ] 85% 85/100 Steps (5/5 epoch)...
[2025-08-31 22:49:34.814] Progress: [===========================================>      ] 86% 86/100 Steps (5/5 epoch)...
[2025-08-31 22:49:46.961] Progress: [===========================================>      ] 87% 87/100 Steps (5/5 epoch)...
[2025-08-31 22:49:59.112] Progress: [============================================>     ] 88% 88/100 Steps (5/5 epoch)...
[2025-08-31 22:50:11.262] Progress: [============================================>     ] 89% 89/100 Steps (5/5 epoch)...
[2025-08-31 22:50:23.414] Progress: [=============================================>    ] 90% 90/100 Steps (5/5 epoch)...
[2025-08-31 22:50:35.564] Progress: [=============================================>    ] 91% 91/100 Steps (5/5 epoch)...
[2025-08-31 22:50:47.714] Progress: [==============================================>   ] 92% 92/100 Steps (5/5 epoch)...
[2025-08-31 22:50:59.863] Progress: [==============================================>   ] 93% 93/100 Steps (5/5 epoch)...
[2025-08-31 22:51:12.013] Progress: [===============================================>  ] 94% 94/100 Steps (5/5 epoch)...
[2025-08-31 22:51:24.160] Progress: [===============================================>  ] 95% 95/100 Steps (5/5 epoch)...
[2025-08-31 22:51:36.313] Progress: [================================================> ] 96% 96/100 Steps (5/5 epoch)...
[2025-08-31 22:51:48.460] Progress: [================================================> ] 97% 97/100 Steps (5/5 epoch)...
[2025-08-31 22:52:00.610] Progress: [=================================================>] 98% 98/100 Steps (5/5 epoch)...
[2025-08-31 22:52:12.762] Progress: [=================================================>] 99% 99/100 Steps (5/5 epoch)...
[2025-08-31 22:52:24.912] Progress: [==================================================] 100% 100/100 Steps (5/5 epoch)...
[2025-08-31 22:52:24.924] Epoch 5/5 - Loss: 7.2545
[2025-08-31 22:52:24.927] Storing model parameters.......
[2025-08-31 22:52:26.247] Parameters saved to /params.bin, total bytes written=52968
[2025-08-31 22:52:26.255] Finished training
[2025-08-31 22:52:26.255] Training memory freed, Free PSRAM: 5125604 bytes
[2025-08-31 22:52:27.007] Loaded image chunk 0 with 2000 samples
[2025-08-31 22:52:27.015] Loaded label chunk 0 with 2000 labels
[2025-08-31 22:52:27.017] Testing 2000 images...
[2025-08-31 22:52:27.669] Progress: [>                                                 ] 1% 20/2000 Images...
[2025-08-31 22:52:28.322] Progress: [=>                                                ] 2% 40/2000 Images...
[2025-08-31 22:52:28.975] Progress: [=>                                                ] 3% 60/2000 Images...
[2025-08-31 22:52:29.628] Progress: [==>                                               ] 4% 80/2000 Images...
[2025-08-31 22:52:30.280] Progress: [==>                                               ] 5% 100/2000 Images...
[2025-08-31 22:52:30.933] Progress: [===>                                              ] 6% 120/2000 Images...
[2025-08-31 22:52:31.586] Progress: [===>                                              ] 7% 140/2000 Images...
[2025-08-31 22:52:32.238] Progress: [====>                                             ] 8% 160/2000 Images...
[2025-08-31 22:52:32.891] Progress: [====>                                             ] 9% 180/2000 Images...
[2025-08-31 22:52:33.544] Progress: [=====>                                            ] 10% 200/2000 Images...
[2025-08-31 22:52:34.196] Progress: [=====>                                            ] 11% 220/2000 Images...
[2025-08-31 22:52:34.849] Progress: [======>                                           ] 12% 240/2000 Images...
[2025-08-31 22:52:35.501] Progress: [======>                                           ] 13% 260/2000 Images...
[2025-08-31 22:52:36.153] Progress: [=======>                                          ] 14% 280/2000 Images...
[2025-08-31 22:52:36.807] Progress: [=======>                                          ] 15% 300/2000 Images...
[2025-08-31 22:52:37.460] Progress: [========>                                         ] 16% 320/2000 Images...
[2025-08-31 22:52:38.113] Progress: [========>                                         ] 17% 340/2000 Images...
[2025-08-31 22:52:38.765] Progress: [=========>                                        ] 18% 360/2000 Images...
[2025-08-31 22:52:39.418] Progress: [=========>                                        ] 19% 380/2000 Images...
[2025-08-31 22:52:40.071] Progress: [==========>                                       ] 20% 400/2000 Images...
[2025-08-31 22:52:40.723] Progress: [==========>                                       ] 21% 420/2000 Images...
[2025-08-31 22:52:41.376] Progress: [===========>                                      ] 22% 440/2000 Images...
[2025-08-31 22:52:42.029] Progress: [===========>                                      ] 23% 460/2000 Images...
[2025-08-31 22:52:42.682] Progress: [============>                                     ] 24% 480/2000 Images...
[2025-08-31 22:52:43.333] Progress: [============>                                     ] 25% 500/2000 Images...
[2025-08-31 22:52:43.985] Progress: [=============>                                    ] 26% 520/2000 Images...
[2025-08-31 22:52:44.639] Progress: [=============>                                    ] 27% 540/2000 Images...
[2025-08-31 22:52:45.291] Progress: [==============>                                   ] 28% 560/2000 Images...
[2025-08-31 22:52:45.943] Progress: [==============>                                   ] 29% 580/2000 Images...
[2025-08-31 22:52:46.598] Progress: [===============>                                  ] 30% 600/2000 Images...
[2025-08-31 22:52:47.250] Progress: [===============>                                  ] 31% 620/2000 Images...
[2025-08-31 22:52:47.903] Progress: [================>                                 ] 32% 640/2000 Images...
[2025-08-31 22:52:48.555] Progress: [================>                                 ] 33% 660/2000 Images...
[2025-08-31 22:52:49.206] Progress: [=================>                                ] 34% 680/2000 Images...
[2025-08-31 22:52:49.858] Progress: [=================>                                ] 35% 700/2000 Images...
[2025-08-31 22:52:50.514] Progress: [==================>                               ] 36% 720/2000 Images...
[2025-08-31 22:52:51.167] Progress: [==================>                               ] 37% 740/2000 Images...
[2025-08-31 22:52:51.819] Progress: [===================>                              ] 38% 760/2000 Images...
[2025-08-31 22:52:52.472] Progress: [===================>                              ] 39% 780/2000 Images...
[2025-08-31 22:52:53.124] Progress: [====================>                             ] 40% 800/2000 Images...
[2025-08-31 22:52:53.778] Progress: [====================>                             ] 41% 820/2000 Images...
[2025-08-31 22:52:54.430] Progress: [=====================>                            ] 42% 840/2000 Images...
[2025-08-31 22:52:55.083] Progress: [=====================>                            ] 43% 860/2000 Images...
[2025-08-31 22:52:55.736] Progress: [======================>                           ] 44% 880/2000 Images...
[2025-08-31 22:52:56.387] Progress: [======================>                           ] 45% 900/2000 Images...
[2025-08-31 22:52:57.041] Progress: [=======================>                          ] 46% 920/2000 Images...
[2025-08-31 22:52:57.694] Progress: [=======================>                          ] 47% 940/2000 Images...
[2025-08-31 22:52:58.346] Progress: [========================>                         ] 48% 960/2000 Images...
[2025-08-31 22:52:58.997] Progress: [========================>                         ] 49% 980/2000 Images...
[2025-08-31 22:52:59.652] Progress: [=========================>                        ] 50% 1000/2000 Images...
[2025-08-31 22:53:00.304] Progress: [=========================>                        ] 51% 1020/2000 Images...
[2025-08-31 22:53:00.956] Progress: [==========================>                       ] 52% 1040/2000 Images...
[2025-08-31 22:53:01.610] Progress: [==========================>                       ] 53% 1060/2000 Images...
[2025-08-31 22:53:02.263] Progress: [===========================>                      ] 54% 1080/2000 Images...
[2025-08-31 22:53:02.915] Progress: [===========================>                      ] 55% 1100/2000 Images...
[2025-08-31 22:53:03.568] Progress: [============================>                     ] 56% 1120/2000 Images...
[2025-08-31 22:53:04.221] Progress: [============================>                     ] 57% 1140/2000 Images...
[2025-08-31 22:53:04.872] Progress: [=============================>                    ] 58% 1160/2000 Images...
[2025-08-31 22:53:05.526] Progress: [=============================>                    ] 59% 1180/2000 Images...
[2025-08-31 22:53:06.178] Progress: [==============================>                   ] 60% 1200/2000 Images...
[2025-08-31 22:53:06.832] Progress: [==============================>                   ] 61% 1220/2000 Images...
[2025-08-31 22:53:07.484] Progress: [===============================>                  ] 62% 1240/2000 Images...
[2025-08-31 22:53:08.136] Progress: [===============================>                  ] 63% 1260/2000 Images...
[2025-08-31 22:53:08.790] Progress: [================================>                 ] 64% 1280/2000 Images...
[2025-08-31 22:53:09.442] Progress: [================================>                 ] 65% 1300/2000 Images...
[2025-08-31 22:53:10.095] Progress: [=================================>                ] 66% 1320/2000 Images...
[2025-08-31 22:53:10.747] Progress: [=================================>                ] 67% 1340/2000 Images...
[2025-08-31 22:53:11.401] Progress: [==================================>               ] 68% 1360/2000 Images...
[2025-08-31 22:53:12.052] Progress: [==================================>               ] 69% 1380/2000 Images...
[2025-08-31 22:53:12.706] Progress: [===================================>              ] 70% 1400/2000 Images...
[2025-08-31 22:53:13.358] Progress: [===================================>              ] 71% 1420/2000 Images...
[2025-08-31 22:53:14.011] Progress: [====================================>             ] 72% 1440/2000 Images...
[2025-08-31 22:53:14.664] Progress: [====================================>             ] 73% 1460/2000 Images...
[2025-08-31 22:53:15.317] Progress: [=====================================>            ] 74% 1480/2000 Images...
[2025-08-31 22:53:15.969] Progress: [=====================================>            ] 75% 1500/2000 Images...
[2025-08-31 22:53:16.622] Progress: [======================================>           ] 76% 1520/2000 Images...
[2025-08-31 22:53:17.275] Progress: [======================================>           ] 77% 1540/2000 Images...
[2025-08-31 22:53:17.928] Progress: [=======================================>          ] 78% 1560/2000 Images...
[2025-08-31 22:53:18.580] Progress: [=======================================>          ] 79% 1580/2000 Images...
[2025-08-31 22:53:19.232] Progress: [========================================>         ] 80% 1600/2000 Images...
[2025-08-31 22:53:19.886] Progress: [========================================>         ] 81% 1620/2000 Images...
[2025-08-31 22:53:20.538] Progress: [=========================================>        ] 82% 1640/2000 Images...
[2025-08-31 22:53:21.191] Progress: [=========================================>        ] 83% 1660/2000 Images...
[2025-08-31 22:53:21.844] Progress: [==========================================>       ] 84% 1680/2000 Images...
[2025-08-31 22:53:22.496] Progress: [==========================================>       ] 85% 1700/2000 Images...
[2025-08-31 22:53:23.149] Progress: [===========================================>      ] 86% 1720/2000 Images...
[2025-08-31 22:53:23.801] Progress: [===========================================>      ] 87% 1740/2000 Images...
[2025-08-31 22:53:24.455] Progress: [============================================>     ] 88% 1760/2000 Images...
[2025-08-31 22:53:25.107] Progress: [============================================>     ] 89% 1780/2000 Images...
[2025-08-31 22:53:25.760] Progress: [=============================================>    ] 90% 1800/2000 Images...
[2025-08-31 22:53:26.413] Progress: [=============================================>    ] 91% 1820/2000 Images...
[2025-08-31 22:53:27.064] Progress: [==============================================>   ] 92% 1840/2000 Images...
[2025-08-31 22:53:27.716] Progress: [==============================================>   ] 93% 1860/2000 Images...
[2025-08-31 22:53:28.368] Progress: [===============================================>  ] 94% 1880/2000 Images...
[2025-08-31 22:53:29.023] Progress: [===============================================>  ] 95% 1900/2000 Images...
[2025-08-31 22:53:29.676] Progress: [================================================> ] 96% 1920/2000 Images...
[2025-08-31 22:53:30.329] Progress: [================================================> ] 97% 1940/2000 Images...
[2025-08-31 22:53:30.981] Progress: [=================================================>] 98% 1960/2000 Images...
[2025-08-31 22:53:31.634] Progress: [=================================================>] 99% 1980/2000 Images...
[2025-08-31 22:53:32.289] Progress: [==================================================] 100% 2000/2000 Images...
[2025-08-31 22:53:32.294] Accuracy: 1910/2000 (95.50%)
