Warning: progmem_l8_w.bin missing or empty, skipping
Warning: bin_l8_w.bin missing or empty, skipping
=== l1_w Comparison ===
Max abs difference: 0.000001
Mean abs difference: 0.000000
First 10 values (array1 vs array2):
0.016976  0.016976
-0.874858  -0.874858
-0.305102  -0.305102
-0.464576  -0.464576
-0.272951  -0.272951
0.423639  0.423639
0.047472  0.047472
0.819570  0.819570
0.573528  0.573528
0.658235  0.658235


=== l1_b Comparison ===
Max abs difference: 0.000000
Mean abs difference: 0.000000
First 10 values (array1 vs array2):
-0.023596  -0.023596
0.104092  0.104092
0.078220  0.078220
0.290566  0.290566
-0.082953  -0.082953
-0.116877  -0.116877
-0.053236  -0.053236
0.318349  0.318349


=== l4_w Comparison ===
Max abs difference: 0.000001
Mean abs difference: 0.000000
First 10 values (array1 vs array2):
-0.215134  -0.215134
0.023303  0.023303
0.093575  0.093575
-0.392309  -0.392309
-0.523013  -0.523013
0.184837  0.184837
-0.286295  -0.286295
-0.431570  -0.431570
-0.051592  -0.051592
0.114928  0.114928


=== l4_b Comparison ===
Max abs difference: 0.000000
Mean abs difference: 0.000000
First 10 values (array1 vs array2):
0.021082  0.021082
0.084769  0.084769
0.006127  0.006127
-0.026661  -0.026661
0.002326  0.002326
0.071353  0.071353
-0.076227  -0.076227
-0.125730  -0.125730
0.063506  0.063506
-0.008683  -0.008683


Skipping l8_w (missing data)
=== l8_b Comparison ===
Max abs difference: 0.000000
Mean abs difference: 0.000000
First 10 values (array1 vs array2):
0.013352  0.013352
0.041798  0.041798
0.055335  0.055335
-0.008620  -0.008620
-0.005626  -0.005626
0.022038  0.022038
-0.039245  -0.039245
0.050940  0.050940
0.091149  0.091149
-0.063879  -0.063879


=== l10_w Comparison ===
Max abs difference: 0.711846
Mean abs difference: 0.174173
First 10 values (array1 vs array2):
0.062214  0.062214
-0.062384  -0.389465
0.042452  0.081824
0.047041  -0.090096
0.016815  0.036115
-0.058564  0.008873
0.088125  0.024356
-0.193112  -0.072249
0.157095  0.312132
-0.114570  0.062131


=== l10_b Comparison ===
Max abs difference: 0.000001
Mean abs difference: 0.000000
First 10 values (array1 vs array2):
-0.045416  -0.045416
0.158321  0.158322
-0.022160  -0.022160
-0.087341  -0.087341
0.088791  0.088791
0.070255  0.070255
0.042106  0.042106
-0.065151  -0.065151
0.129985  0.129985
-0.172255  -0.172255


Max diff: 0.711846
